<?xml version="1.0" encoding="UTF-8"?>
<!-- Generated by org.testng.reporters.JUnitReportReporter -->
<testsuite hostname="FAI-BLR03L1352" name="IDDAutomation.loginTest" tests="6" failures="0" timestamp="1 Feb 2019 11:38:23 GMT" time="97.658" errors="0">
  <testcase name="loginpage" time="15.987" classname="IDDAutomation.loginTest"/>
  <testcase name="loginpage" time="16.002" classname="IDDAutomation.loginTest"/>
  <testcase name="loginpage" time="17.608" classname="IDDAutomation.loginTest"/>
  <testcase name="loginpage" time="16.658" classname="IDDAutomation.loginTest"/>
  <testcase name="loginpage" time="16.030" classname="IDDAutomation.loginTest"/>
  <testcase name="loginpage" time="15.373" classname="IDDAutomation.loginTest"/>
</testsuite> <!-- IDDAutomation.loginTest -->
