<?xml version="1.0" encoding="UTF-8"?>
<!-- Generated by org.testng.reporters.JUnitReportReporter -->
<testsuite hostname="FAI-BLR03L1352" name="IDDAutomation.OrgsearchTest" tests="6" failures="0" timestamp="1 Feb 2019 11:38:23 GMT" time="424.170" errors="0">
  <testcase name="OrgSearchValidation_MGS" time="72.905" classname="IDDAutomation.OrgsearchTest"/>
  <testcase name="OrgSearchValidation_DIR" time="69.494" classname="IDDAutomation.OrgsearchTest"/>
  <testcase name="OrgSearchValidation_PARTY" time="71.303" classname="IDDAutomation.OrgsearchTest"/>
  <testcase name="OrgSearchValidation_AGN" time="70.524" classname="IDDAutomation.OrgsearchTest"/>
  <testcase name="OrgSearchValidation_NCS" time="69.109" classname="IDDAutomation.OrgsearchTest"/>
  <testcase name="OrgSearchValidation_PARTY_GROUP" time="70.835" classname="IDDAutomation.OrgsearchTest"/>
</testsuite> <!-- IDDAutomation.OrgsearchTest -->
