<?xml version="1.0" encoding="UTF-8"?>
<!-- Generated by org.testng.reporters.JUnitReportReporter -->
<testsuite hostname="FAI-BLR03L1352" name="IDDAutomation.partyNm_PROD_Test" tests="1" failures="0" timestamp="12 Feb 2019 08:00:19 GMT" time="319.695" errors="0">
  <testcase name="Party_Val" time="319.695" classname="IDDAutomation.partyNm_PROD_Test"/>
</testsuite> <!-- IDDAutomation.partyNm_PROD_Test -->
