<?xml version="1.0" encoding="UTF-8"?>
<!-- Generated by org.testng.reporters.JUnitReportReporter -->
<testsuite hostname="FAI-BLR03L1352" name="IDDAutomation.xrefTest" tests="6" failures="0" timestamp="1 Feb 2019 11:38:23 GMT" time="464.013" errors="0">
  <testcase name="xrefVal_AGN" time="76.915" classname="IDDAutomation.xrefTest"/>
  <testcase name="xrefVal_PARTY_GROUP" time="78.045" classname="IDDAutomation.xrefTest"/>
  <testcase name="xrefVal_DIR" time="74.607" classname="IDDAutomation.xrefTest"/>
  <testcase name="xrefVal_NCS" time="81.574" classname="IDDAutomation.xrefTest"/>
  <testcase name="xrefVal_PARTY" time="75.911" classname="IDDAutomation.xrefTest"/>
  <testcase name="xrefVal_MGS" time="76.961" classname="IDDAutomation.xrefTest"/>
</testsuite> <!-- IDDAutomation.xrefTest -->
