<?xml version="1.0" encoding="UTF-8"?>
<!-- Generated by org.testng.reporters.JUnitReportReporter -->
<testsuite hostname="FAI-BLR03L1352" name="IDDAutomation.ValidateloginTest" tests="1" failures="0" timestamp="14 Jan 2019 06:17:45 GMT" time="19.601" errors="0">
  <testcase name="IDDvalidation" time="19.601" classname="IDDAutomation.ValidateloginTest"/>
</testsuite> <!-- IDDAutomation.ValidateloginTest -->
