<?xml version="1.0" encoding="UTF-8"?>
<!-- Generated by org.testng.reporters.JUnitReportReporter -->
<testsuite hostname="FAI-BLR03L1352" name="IDDAutomation.QueriesTest" tests="6" failures="0" timestamp="1 Feb 2019 11:38:23 GMT" time="266.403" errors="0">
  <testcase name="QueriesValidation_PARTY_GROUP" time="43.411" classname="IDDAutomation.QueriesTest"/>
  <testcase name="QueriesValidation_MGS" time="46.097" classname="IDDAutomation.QueriesTest"/>
  <testcase name="QueriesValidation_DIR" time="41.538" classname="IDDAutomation.QueriesTest"/>
  <testcase name="QueriesValidation_NCS" time="46.172" classname="IDDAutomation.QueriesTest"/>
  <testcase name="QueriesValidation_PARTY" time="44.405" classname="IDDAutomation.QueriesTest"/>
  <testcase name="QueriesValidation_AGN" time="44.780" classname="IDDAutomation.QueriesTest"/>
</testsuite> <!-- IDDAutomation.QueriesTest -->
