<?xml version="1.0" encoding="UTF-8"?>
<!-- Generated by org.testng.reporters.JUnitReportReporter -->
<testsuite hostname="FAI-BLR03L1352" name="IDDAutomation.OrgNm_Party_Test" tests="1" failures="0" timestamp="5 Feb 2019 06:24:14 GMT" time="174.613" errors="0">
  <testcase name="Party_Val" time="174.613" classname="IDDAutomation.OrgNm_Party_Test"/>
</testsuite> <!-- IDDAutomation.OrgNm_Party_Test -->
