<?xml version="1.0" encoding="UTF-8"?>
<!-- Generated by org.testng.reporters.JUnitReportReporter -->
<testsuite hostname="FAI-BLR03L1352" name="IDDAutomation.GroupName_Test" tests="1" failures="0" timestamp="5 Feb 2019 09:43:27 GMT" time="132.196" errors="0">
  <testcase name="GroupName_Val" time="132.196" classname="IDDAutomation.GroupName_Test"/>
</testsuite> <!-- IDDAutomation.GroupName_Test -->
