<?xml version="1.0" encoding="UTF-8"?>
<!-- Generated by org.testng.reporters.JUnitReportReporter -->
<testsuite hostname="FAI-BLR03L1352" name="IDDAutomation.ValidateIDDTest" tests="1" failures="0" timestamp="10 Jan 2019 07:41:39 GMT" time="23.898" errors="0">
  <testcase name="IDDvalidation" time="23.898" classname="IDDAutomation.ValidateIDDTest"/>
</testsuite> <!-- IDDAutomation.ValidateIDDTest -->
