<?xml version="1.0" encoding="UTF-8"?>
<!-- Generated by org.testng.reporters.JUnitReportReporter -->
<testsuite hostname="FAI-BLR03L1352" name="IDDAutomation.partyNm_MGS_Test" tests="1" failures="0" timestamp="5 Feb 2019 06:47:03 GMT" time="147.089" errors="0">
  <testcase name="MGS_Val" time="147.089" classname="IDDAutomation.partyNm_MGS_Test"/>
</testsuite> <!-- IDDAutomation.partyNm_MGS_Test -->
