<?xml version="1.0" encoding="UTF-8"?>
<!-- Generated by org.testng.reporters.JUnitReportReporter -->
<testsuite hostname="FAI-BLR03L1352" name="IDDAutomation.partyNm_NCS_Test" tests="1" failures="0" timestamp="5 Feb 2019 06:47:03 GMT" time="149.983" errors="0">
  <testcase name="NCS_Val" time="149.983" classname="IDDAutomation.partyNm_NCS_Test"/>
</testsuite> <!-- IDDAutomation.partyNm_NCS_Test -->
