<?xml version="1.0" encoding="UTF-8"?>
<!-- Generated by org.testng.reporters.JUnitReportReporter -->
<testsuite hostname="FAI-BLR03L1352" name="IDDAutomation.OrgNm_DIR_Test" tests="1" failures="0" timestamp="8 Feb 2019 06:31:58 GMT" time="251.027" errors="0">
  <testcase name="DIR_Val" time="251.027" classname="IDDAutomation.OrgNm_DIR_Test"/>
</testsuite> <!-- IDDAutomation.OrgNm_DIR_Test -->
