<?xml version="1.0" encoding="UTF-8"?>
<!-- Generated by org.testng.reporters.JUnitReportReporter -->
<testsuite hostname="FAI-BLR03L1352" name="IDDAutomation.OrgNm_AGN_Test" tests="1" failures="0" timestamp="5 Feb 2019 06:24:14 GMT" time="174.853" errors="0">
  <testcase name="AGN_Val" time="174.853" classname="IDDAutomation.OrgNm_AGN_Test"/>
</testsuite> <!-- IDDAutomation.OrgNm_AGN_Test -->
