<?xml version="1.0" encoding="UTF-8"?>
<!-- Generated by org.testng.reporters.JUnitReportReporter -->
<testsuite hostname="FAI-BLR03L1352" name="IDDAutomation.OrgNm_NCS_Test" tests="1" failures="0" timestamp="5 Feb 2019 06:24:14 GMT" time="177.126" errors="0">
  <testcase name="NCS_Val" time="177.126" classname="IDDAutomation.OrgNm_NCS_Test"/>
</testsuite> <!-- IDDAutomation.OrgNm_NCS_Test -->
