<?xml version="1.0" encoding="UTF-8"?>
<!-- Generated by org.testng.reporters.JUnitReportReporter -->
<testsuite hostname="FAI-BLR03L1352" name="IDDAutomation.partyNm_DIR_Test" tests="1" failures="0" timestamp="5 Feb 2019 06:47:03 GMT" time="158.114" errors="0">
  <testcase name="DIR_Val" time="158.114" classname="IDDAutomation.partyNm_DIR_Test"/>
</testsuite> <!-- IDDAutomation.partyNm_DIR_Test -->
