<?xml version="1.0" encoding="UTF-8"?>
<!-- Generated by org.testng.reporters.JUnitReportReporter -->
<testsuite hostname="FAI-BLR03L1352" name="IDDAutomation.OrgNm_MGS_Test" tests="1" failures="0" timestamp="5 Feb 2019 06:24:14 GMT" time="168.879" errors="0">
  <testcase name="MGS_Val" time="168.879" classname="IDDAutomation.OrgNm_MGS_Test"/>
</testsuite> <!-- IDDAutomation.OrgNm_MGS_Test -->
