<?xml version="1.0" encoding="UTF-8"?>
<!-- Generated by org.testng.reporters.JUnitReportReporter -->
<testsuite hostname="FAI-BLR03L1352" name="IDDAutomation.IDDSelectionTest" tests="6" failures="0" timestamp="1 Feb 2019 11:38:22 GMT" time="182.166" errors="0">
  <testcase name="IDDvalidation_AGN" time="31.718" classname="IDDAutomation.IDDSelectionTest"/>
  <testcase name="IDDvalidation_NCS" time="29.120" classname="IDDAutomation.IDDSelectionTest"/>
  <testcase name="IDDvalidation_PARTY" time="28.874" classname="IDDAutomation.IDDSelectionTest"/>
  <testcase name="IDDvalidation_PARTY_GROUP" time="29.599" classname="IDDAutomation.IDDSelectionTest"/>
  <testcase name="IDDvalidation_DIR" time="30.244" classname="IDDAutomation.IDDSelectionTest"/>
  <testcase name="IDDvalidation_MGS" time="32.611" classname="IDDAutomation.IDDSelectionTest"/>
</testsuite> <!-- IDDAutomation.IDDSelectionTest -->
