<?xml version="1.0" encoding="UTF-8"?>
<!-- Generated by org.testng.reporters.JUnitReportReporter -->
<testsuite hostname="FAI-BLR03L1352" name="IDDAutomation.partyNm_AGN_Test" tests="1" failures="0" timestamp="5 Feb 2019 06:47:03 GMT" time="154.788" errors="0">
  <testcase name="AGN_Val" time="154.788" classname="IDDAutomation.partyNm_AGN_Test"/>
</testsuite> <!-- IDDAutomation.partyNm_AGN_Test -->
