<?xml version="1.0" encoding="UTF-8"?>
<!-- Generated by org.testng.reporters.JUnitReportReporter -->
<testsuite hostname="FAI-BLR03L1352" name="IDDAutomation.OrgNm_NCS_Test" tests="1" failures="0" timestamp="15 Feb 2019 11:43:56 GMT" time="331.000" errors="0">
  <testcase name="NCS_Val" time="331.000" classname="IDDAutomation.OrgNm_NCS_Test"/>
</testsuite> <!-- IDDAutomation.OrgNm_NCS_Test -->
