<?xml version="1.0" encoding="UTF-8"?>
<!-- Generated by org.testng.reporters.JUnitReportReporter -->
<testsuite hostname="FAI-BLR03L1352" name="IDDAutomation.partyNm_MGS_Test" tests="1" failures="0" timestamp="7 Feb 2019 07:38:20 GMT" time="227.636" errors="0">
  <testcase name="MGS_Val" time="227.636" classname="IDDAutomation.partyNm_MGS_Test"/>
</testsuite> <!-- IDDAutomation.partyNm_MGS_Test -->
