<?xml version="1.0" encoding="UTF-8"?>
<!-- Generated by org.testng.reporters.JUnitReportReporter -->
<testsuite hostname="FAI-BLR03L1352" name="IDDAutomation.partyNm_PROD_Test" tests="2" failures="0" timestamp="15 Feb 2019 11:43:56 GMT" time="509.118" errors="0">
  <testcase name="Party_Val" time="256.747" classname="IDDAutomation.partyNm_PROD_Test"/>
  <testcase name="Party_Val" time="252.371" classname="IDDAutomation.partyNm_PROD_Test"/>
</testsuite> <!-- IDDAutomation.partyNm_PROD_Test -->
