<?xml version="1.0" encoding="UTF-8"?>
<!-- Generated by org.testng.reporters.JUnitReportReporter -->
<testsuite hostname="FAI-BLR03L1352" name="IDDAutomation.partyNm_AGN_Test" tests="1" failures="0" timestamp="7 Feb 2019 07:38:20 GMT" time="227.778" errors="0">
  <testcase name="AGN_Val" time="227.778" classname="IDDAutomation.partyNm_AGN_Test"/>
</testsuite> <!-- IDDAutomation.partyNm_AGN_Test -->
