<?xml version="1.0" encoding="UTF-8"?>
<!-- Generated by org.testng.reporters.JUnitReportReporter -->
<testsuite hostname="FAI-BLR03L1352" name="IDDAutomation.OrgNm_Party_Test" tests="1" failures="0" timestamp="15 Feb 2019 11:43:56 GMT" time="328.940" errors="0">
  <testcase name="Party_Val" time="328.940" classname="IDDAutomation.OrgNm_Party_Test"/>
</testsuite> <!-- IDDAutomation.OrgNm_Party_Test -->
